Flow report for DE10_Top_Level
Mon Oct 28 21:30:14 2019
Quartus Prime Version 17.1.1 Internal Build 593 12/11/2017 SJ Lite Edition


---------------------
; Table of Contents ;
---------------------
  1. Legal Notice
  2. Flow Summary
  3. Flow Settings
  4. Flow Non-Default Global Settings
  5. Flow Elapsed Time
  6. Flow OS Summary
  7. Flow Log
  8. Flow Messages
  9. Flow Suppressed Messages



----------------
; Legal Notice ;
----------------
Copyright (C) 2017  Intel Corporation. All rights reserved.
Your use of Intel Corporation's design tools, logic functions 
and other software and tools, and its AMPP partner logic 
functions, and any output files from any of the foregoing 
(including device programming or simulation files), and any 
associated documentation or information are expressly subject 
to the terms and conditions of the Intel Program License 
Subscription Agreement, the Intel Quartus Prime License Agreement,
the Intel FPGA IP License Agreement, or other applicable license
agreement, including, without limitation, that your use is for
the sole purpose of programming logic devices manufactured by
Intel and sold by Intel or its authorized distributors.  Please
refer to the applicable agreement for further details.



+----------------------------------------------------------------------------------------+
; Flow Summary                                                                           ;
+---------------------------------+------------------------------------------------------+
; Flow Status                     ; Successful - Mon Oct 28 21:30:02 2019                ;
; Quartus Prime Version           ; 17.1.1 Internal Build 593 12/11/2017 SJ Lite Edition ;
; Revision Name                   ; DE10_Top_Level                                       ;
; Top-level Entity Name           ; DE10_Top_Level                                       ;
; Family                          ; Cyclone V                                            ;
; Device                          ; 5CSEBA6U23I7                                         ;
; Timing Models                   ; Final                                                ;
; Logic utilization (in ALMs)     ; 191 / 41,910 ( < 1 % )                               ;
; Total registers                 ; 262                                                  ;
; Total pins                      ; 89 / 314 ( 28 % )                                    ;
; Total virtual pins              ; 0                                                    ;
; Total block memory bits         ; 0 / 5,662,720 ( 0 % )                                ;
; Total DSP Blocks                ; 6 / 112 ( 5 % )                                      ;
; Total HSSI RX PCSs              ; 0                                                    ;
; Total HSSI PMA RX Deserializers ; 0                                                    ;
; Total HSSI TX PCSs              ; 0                                                    ;
; Total HSSI PMA TX Serializers   ; 0                                                    ;
; Total PLLs                      ; 0 / 6 ( 0 % )                                        ;
; Total DLLs                      ; 0 / 4 ( 0 % )                                        ;
+---------------------------------+------------------------------------------------------+


+-----------------------------------------+
; Flow Settings                           ;
+-------------------+---------------------+
; Option            ; Setting             ;
+-------------------+---------------------+
; Start date & time ; 10/28/2019 21:28:41 ;
; Main task         ; Compilation         ;
; Revision Name     ; DE10_Top_Level      ;
+-------------------+---------------------+


+-----------------------------------------------------------------------------------------------------------------------------+
; Flow Non-Default Global Settings                                                                                            ;
+-------------------------------------+----------------------------------------+---------------+-----------------+------------+
; Assignment Name                     ; Value                                  ; Default Value ; Entity Name     ; Section Id ;
+-------------------------------------+----------------------------------------+---------------+-----------------+------------+
; COMPILER_SIGNATURE_ID               ; 268490100701205.157231972124252        ; --            ; --              ; --         ;
; MAX_CORE_JUNCTION_TEMP              ; 100                                    ; --            ; --              ; --         ;
; MIN_CORE_JUNCTION_TEMP              ; -40                                    ; --            ; --              ; --         ;
; PARTITION_COLOR                     ; -- (Not supported for targeted family) ; --            ; DE10Nano_System ; Top        ;
; PARTITION_COLOR                     ; -- (Not supported for targeted family) ; --            ; --              ; Top        ;
; PARTITION_FITTER_PRESERVATION_LEVEL ; -- (Not supported for targeted family) ; --            ; DE10Nano_System ; Top        ;
; PARTITION_FITTER_PRESERVATION_LEVEL ; -- (Not supported for targeted family) ; --            ; --              ; Top        ;
; PARTITION_NETLIST_TYPE              ; -- (Not supported for targeted family) ; --            ; DE10Nano_System ; Top        ;
; PARTITION_NETLIST_TYPE              ; -- (Not supported for targeted family) ; --            ; --              ; Top        ;
; POWER_BOARD_THERMAL_MODEL           ; None (CONSERVATIVE)                    ; --            ; --              ; --         ;
; POWER_PRESET_COOLING_SOLUTION       ; 23 MM HEAT SINK WITH 200 LFPM AIRFLOW  ; --            ; --              ; --         ;
; PROJECT_OUTPUT_DIRECTORY            ; output_files                           ; --            ; --              ; --         ;
+-------------------------------------+----------------------------------------+---------------+-----------------+------------+


+-------------------------------------------------------------------------------------------------------------------------------+
; Flow Elapsed Time                                                                                                             ;
+---------------------------+--------------+-------------------------+---------------------+------------------------------------+
; Module Name               ; Elapsed Time ; Average Processors Used ; Peak Virtual Memory ; Total CPU Time (on all processors) ;
+---------------------------+--------------+-------------------------+---------------------+------------------------------------+
; Analysis & Synthesis      ; 00:00:17     ; 1.0                     ; 4867 MB             ; 00:00:30                           ;
; Fitter                    ; 00:00:51     ; 1.0                     ; 6283 MB             ; 00:01:19                           ;
; Assembler                 ; 00:00:08     ; 1.0                     ; 4836 MB             ; 00:00:07                           ;
; TimeQuest Timing Analyzer ; 00:00:11     ; 1.1                     ; 5162 MB             ; 00:00:10                           ;
; Total                     ; 00:01:27     ; --                      ; --                  ; 00:02:06                           ;
+---------------------------+--------------+-------------------------+---------------------+------------------------------------+


+-----------------------------------------------------------------------------------------+
; Flow OS Summary                                                                         ;
+---------------------------+------------------+------------+------------+----------------+
; Module Name               ; Machine Hostname ; OS Name    ; OS Version ; Processor type ;
+---------------------------+------------------+------------+------------+----------------+
; Analysis & Synthesis      ; LAPTOP-7K42KQF8  ; Windows 10 ; 10.0       ; x86_64         ;
; Fitter                    ; LAPTOP-7K42KQF8  ; Windows 10 ; 10.0       ; x86_64         ;
; Assembler                 ; LAPTOP-7K42KQF8  ; Windows 10 ; 10.0       ; x86_64         ;
; TimeQuest Timing Analyzer ; LAPTOP-7K42KQF8  ; Windows 10 ; 10.0       ; x86_64         ;
+---------------------------+------------------+------------+------------+----------------+


------------
; Flow Log ;
------------
quartus_map --read_settings_files=on --write_settings_files=off lab4 -c DE10_Top_Level
quartus_fit --read_settings_files=off --write_settings_files=off lab4 -c DE10_Top_Level
quartus_asm --read_settings_files=off --write_settings_files=off lab4 -c DE10_Top_Level
quartus_sta lab4 -c DE10_Top_Level



