Restore Archived Project report for DE10_Top_Level
Tue Sep 24 13:16:35 2019
Quartus Prime Version 17.1.1 Internal Build 593 12/11/2017 SJ Lite Edition


---------------------
; Table of Contents ;
---------------------
  1. Legal Notice
  2. Restore Archived Project Summary
  3. Restore Archived Project Messages
  4. Files Restored
  5. Files Not Restored



----------------
; Legal Notice ;
----------------
Copyright (C) 2017  Intel Corporation. All rights reserved.
Your use of Intel Corporation's design tools, logic functions 
and other software and tools, and its AMPP partner logic 
functions, and any output files from any of the foregoing 
(including device programming or simulation files), and any 
associated documentation or information are expressly subject 
to the terms and conditions of the Intel Program License 
Subscription Agreement, the Intel Quartus Prime License Agreement,
the Intel FPGA IP License Agreement, or other applicable license
agreement, including, without limitation, that your use is for
the sole purpose of programming logic devices manufactured by
Intel and sold by Intel or its authorized distributors.  Please
refer to the applicable agreement for further details.



+-------------------------------------------------------------------------+
; Restore Archived Project Summary                                        ;
+---------------------------------+---------------------------------------+
; Restore Archived Project Status ; Successful - Tue Sep 24 13:16:35 2019 ;
; Revision Name                   ; DE10_Top_Level                        ;
; Top-level Entity Name           ; DE10_Top_Level                        ;
; Family                          ; Cyclone V                             ;
+---------------------------------+---------------------------------------+


+-----------------------------------+
; Restore Archived Project Messages ;
+-----------------------------------+
Info: Successfully restored 'C:/Users/mc_gr/Desktop/EELE 467/Quartus Projects/Lab 2/lab2_tmp_archive.qar' into the 'C:/Users/mc_gr/Desktop/EELE 467/Quartus Projects/new Lab 4' directory
Info: Generated report 'DE10_Top_Level.restore.rpt'


+-------------------------+
; Files Restored          ;
+-------------------------+
; File Name               ;
+-------------------------+
; qar_info.json           ;
; DE10.sdc                ;
; DE10_Top_Level.qsf      ;
; DE10_Top_Level.vhd      ;
; lab2.qpf                ;
; assignment_defaults.qdf ;
+-------------------------+


+--------------------+
; Files Not Restored ;
+--------------------+
; File Name          ;
+--------------------+


